#
# A fatal error has been detected by the Java Runtime Environment:
#
#  SIGSEGV (0xb) at pc=0x00007f65639d3db0, pid=40875, tid=40876
#
# JRE version: OpenJDK Runtime Environment (11.0.13+8) (build 11.0.13+8-Ubuntu-0ubuntu1.21.10)
# Java VM: OpenJDK 64-Bit Server VM (11.0.13+8-Ubuntu-0ubuntu1.21.10, mixed mode, tiered, compressed oops, g1 gc, linux-amd64)
# Problematic frame:
# V  [libjvm.so+0xa20db0]
#
# Core dump will be written. Default location: Core dumps may be processed with "/usr/share/apport/apport %p %s %c %d %P %E" (or dumping to /home/rodpk/eclipse-workspace/workspace-udemy/rest-with-spring-boot-udemy/core.40875)
#
# If you would like to submit a bug report, please visit:
#   https://bugs.launchpad.net/ubuntu/+source/openjdk-lts
#

---------------  S U M M A R Y ------------

Command Line: /home/rodpk/eclipse-workspace/workspace-udemy/rest-with-spring-boot-udemy/target/surefire/surefirebooter3839592182425105902.jar /home/rodpk/eclipse-workspace/workspace-udemy/rest-with-spring-boot-udemy/target/surefire 2022-01-13T19-51-22_687-jvmRun1 surefire16234956005990444673tmp surefire_015517869850761436670tmp

Host: AMD Ryzen 5 1600 Six-Core Processor, 6 cores, 7G, Pop!_OS 21.10
Time: Thu Jan 13 19:51:23 2022 -03 elapsed time: 0.128012 seconds (0d 0h 0m 0s)

---------------  T H R E A D  ---------------

Current thread (0x00007f655c014800):  JavaThread "main" [_thread_in_vm, id=40876, stack(0x00007f6562b9c000,0x00007f6562c9c000)]

Stack: [0x00007f6562b9c000,0x00007f6562c9c000],  sp=0x00007f6562c99410,  free space=1013k
Native frames: (J=compiled Java code, A=aot compiled Java code, j=interpreted, Vv=VM code, C=native code)
V  [libjvm.so+0xa20db0]
V  [libjvm.so+0xa216e3]
V  [libjvm.so+0x83c9b2]
V  [libjvm.so+0x83c484]
V  [libjvm.so+0x83e160]
V  [libjvm.so+0x917856]
V  [libjvm.so+0x8ce496]
V  [libjvm.so+0x8d9a39]
V  [libjvm.so+0x8d9b40]
V  [libjvm.so+0x8d9cfd]
V  [libjvm.so+0xc28f5f]
j  jdk.internal.perf.Perf.createLong(Ljava/lang/String;IIJ)Ljava/nio/ByteBuffer;+0 java.base@11.0.13
j  jdk.internal.perf.PerfCounter.<init>(Ljava/lang/String;I)V+16 java.base@11.0.13
j  jdk.internal.perf.PerfCounter.newPerfCounter(Ljava/lang/String;)Ljdk/internal/perf/PerfCounter;+6 java.base@11.0.13
j  jdk.internal.perf.PerfCounter$CoreCounters.<clinit>()V+2 java.base@11.0.13
v  ~StubRoutines::call_stub
V  [libjvm.so+0x85fb23]
V  [libjvm.so+0x83dec3]
V  [libjvm.so+0x83e355]
V  [libjvm.so+0xa50c03]
V  [libjvm.so+0xa51732]
V  [libjvm.so+0x8583c4]
V  [libjvm.so+0x8598c5]
j  jdk.internal.perf.PerfCounter.getZipFileOpenTime()Ljdk/internal/perf/PerfCounter;+0 java.base@11.0.13
j  java.util.zip.ZipFile.<init>(Ljava/io/File;ILjava/nio/charset/Charset;)V+129 java.base@11.0.13
j  java.util.zip.ZipFile.<init>(Ljava/io/File;I)V+6 java.base@11.0.13
j  java.util.jar.JarFile.<init>(Ljava/io/File;ZILjava/lang/Runtime$Version;)V+3 java.base@11.0.13
j  java.util.jar.JarFile.<init>(Ljava/io/File;ZI)V+7 java.base@11.0.13
j  java.util.jar.JarFile.<init>(Ljava/lang/String;)V+11 java.base@11.0.13
j  sun.launcher.LauncherHelper.getMainClassFromJar(Ljava/lang/String;)Ljava/lang/String;+5 java.base@11.0.13
j  sun.launcher.LauncherHelper.loadMainClass(ILjava/lang/String;)Ljava/lang/Class;+34 java.base@11.0.13
j  sun.launcher.LauncherHelper.checkAndLoadMain(ZILjava/lang/String;)Ljava/lang/Class;+42 java.base@11.0.13
v  ~StubRoutines::call_stub
V  [libjvm.so+0x85fb23]
V  [libjvm.so+0x8ddbce]
V  [libjvm.so+0x8de6d3]
C  [libjli.so+0x52fc]
C  [libjli.so+0x9b4d]

Java frames: (J=compiled Java code, j=interpreted, Vv=VM code)
j  jdk.internal.perf.Perf.createLong(Ljava/lang/String;IIJ)Ljava/nio/ByteBuffer;+0 java.base@11.0.13
j  jdk.internal.perf.PerfCounter.<init>(Ljava/lang/String;I)V+16 java.base@11.0.13
j  jdk.internal.perf.PerfCounter.newPerfCounter(Ljava/lang/String;)Ljdk/internal/perf/PerfCounter;+6 java.base@11.0.13
j  jdk.internal.perf.PerfCounter$CoreCounters.<clinit>()V+2 java.base@11.0.13
v  ~StubRoutines::call_stub
j  jdk.internal.perf.PerfCounter.getZipFileOpenTime()Ljdk/internal/perf/PerfCounter;+0 java.base@11.0.13
j  java.util.zip.ZipFile.<init>(Ljava/io/File;ILjava/nio/charset/Charset;)V+129 java.base@11.0.13
j  java.util.zip.ZipFile.<init>(Ljava/io/File;I)V+6 java.base@11.0.13
j  java.util.jar.JarFile.<init>(Ljava/io/File;ZILjava/lang/Runtime$Version;)V+3 java.base@11.0.13
j  java.util.jar.JarFile.<init>(Ljava/io/File;ZI)V+7 java.base@11.0.13
j  java.util.jar.JarFile.<init>(Ljava/lang/String;)V+11 java.base@11.0.13
j  sun.launcher.LauncherHelper.getMainClassFromJar(Ljava/lang/String;)Ljava/lang/String;+5 java.base@11.0.13
j  sun.launcher.LauncherHelper.loadMainClass(ILjava/lang/String;)Ljava/lang/Class;+34 java.base@11.0.13
j  sun.launcher.LauncherHelper.checkAndLoadMain(ZILjava/lang/String;)Ljava/lang/Class;+42 java.base@11.0.13
v  ~StubRoutines::call_stub

siginfo: si_signo: 11 (SIGSEGV), si_code: 1 (SEGV_MAPERR), si_addr: 0x00007f650000000c

Register to memory mapping:

RAX=0x0000000100057450 is pointing into metadata
RBX=0x0000000000000003 is an unknown value
RCX=0x00007f6500000004 is an unknown value
RDX=0x00000000000001d0 is an unknown value
RSP=0x00007f6562c99410 is pointing into the stack for thread: 0x00007f655c014800
RBP=0x00007f6562c99590 is pointing into the stack for thread: 0x00007f655c014800
RSI=0x000000000000009d is an unknown value
RDI=0x0 is NULL
R8 =
[error occurred during error reporting (printing register info), id 0xb, SIGSEGV (0xb) at pc=0x00007f65636f1340]

Registers:
RAX=0x0000000100057450, RBX=0x0000000000000003, RCX=0x00007f6500000004, RDX=0x00000000000001d0
RSP=0x00007f6562c99410, RBP=0x00007f6562c99590, RSI=0x000000000000009d, RDI=0x0000000000000000
R8 =0x00000000ffffffff, R9 =0x0000000000000001, R10=0x000000000000004a, R11=0x0000000100057838
R12=0x00007f6562c996b0, R13=0x0000000000000018, R14=0x0000000000000003, R15=0x00007f650c033a40
RIP=0x00007f65639d3db0, EFLAGS=0x0000000000010216, CSGSFS=0x002b000000000033, ERR=0x0000000000000004
  TRAPNO=0x000000000000000e

Top of Stack: (sp=0x00007f6562c99410)
0x00007f6562c99410:   00007f655c12eb10 00007f65607cfe90
0x00007f6562c99420:   00007f6562c99450 00007f6563c3b193
0x00007f6562c99430:   00007f6562c99520 00007f655c014800
0x00007f6562c99440:   ffffffffffffffff 00007f650c058708 

Instructions: (pc=0x00007f65639d3db0)
0x00007f65639d3cb0:   52 2c 4c 8b 7c c8 40 48 8b 4c d0 40 48 8b 40 18
0x00007f65639d3cc0:   48 89 8d 18 ff ff ff 48 89 85 c8 fe ff ff 48 85
0x00007f65639d3cd0:   c0 0f 84 f1 03 00 00 48 8b bd c8 fe ff ff e8 6d
0x00007f65639d3ce0:   b9 ff ff 48 89 85 c0 fe ff ff 48 85 c0 74 5b 48
0x00007f65639d3cf0:   8b 45 10 48 8b 98 80 02 00 00 48 8b 43 18 48 83
0x00007f65639d3d00:   f8 f7 76 18 48 8d 15 51 e8 4e 00 be 08 00 00 00
0x00007f65639d3d10:   48 89 df e8 c8 45 9f ff 48 8b 43 18 48 8d 50 08
0x00007f65639d3d20:   48 3b 53 20 0f 86 b6 03 00 00 31 d2 be 08 00 00
0x00007f65639d3d30:   00 48 89 df e8 e7 45 9f ff 48 8b b5 c0 fe ff ff
0x00007f65639d3d40:   48 89 85 c0 fe ff ff 48 89 30 48 8b 85 c8 fe ff
0x00007f65639d3d50:   ff 48 8b 40 18 48 89 85 b8 fe ff ff 45 85 f6 0f
0x00007f65639d3d60:   8e 66 fe ff ff 49 63 c5 31 db 4d 89 f2 48 89 85
0x00007f65639d3d70:   b0 fe ff ff eb 5e 66 2e 0f 1f 84 00 00 00 00 00
0x00007f65639d3d80:   48 8d 15 5a 02 86 00 80 3a 00 75 60 48 8b bd 08
0x00007f65639d3d90:   ff ff ff 4c 89 95 38 ff ff ff e8 a1 ba ff ff 4c
0x00007f65639d3da0:   8b 95 38 ff ff ff 48 63 d2 4c 01 ea 48 8b 0c 02
0x00007f65639d3db0:   48 8b 41 08 48 8b 50 08 0f b7 70 2a 4c 3b 7c f2
0x00007f65639d3dc0:   40 0f 84 a1 00 00 00 48 83 c3 01 49 39 da 0f 84
0x00007f65639d3dd0:   f7 fd ff ff 49 8b 04 24 41 89 de 4c 8d 2c dd 00
0x00007f65639d3de0:   00 00 00 f6 80 a7 00 00 00 02 75 94 49 63 54 24
0x00007f65639d3df0:   08 4c 01 e8 48 8b 0c 10 eb b6 66 0f 1f 44 00 00
0x00007f65639d3e00:   48 8b 85 28 ff ff ff be fe ff ff ff 48 8b 38 e8
0x00007f65639d3e10:   5c 22 14 00 c6 85 e8 fe ff ff 00 48 c7 85 d0 fe
0x00007f65639d3e20:   ff ff 00 00 00 00 e9 89 fd ff ff 0f 1f 44 00 00
0x00007f65639d3e30:   41 f6 87 a5 00 00 00 02 0f 84 7a 02 00 00 80 bd
0x00007f65639d3e40:   e8 fe ff ff 00 48 8b 3b 74 0a 83 7f 24 f7 0f 8c
0x00007f65639d3e50:   29 fe ff ff be f7 ff ff ff e8 12 22 14 00 e9 1a
0x00007f65639d3e60:   fe ff ff 0f 1f 44 00 00 0f b7 40 2c 48 8b bd 18
0x00007f65639d3e70:   ff ff ff 48 3b 7c c2 40 0f 85 49 ff ff ff 48 8b
0x00007f65639d3e80:   7a 18 49 8b 14 24 8b 41 20 48 89 bd 38 ff ff ff
0x00007f65639d3e90:   f6 82 a5 00 00 00 02 74 17 a8 01 75 13 48 8d 15
0x00007f65639d3ea0:   3c d3 86 00 48 39 7a 08 0f 84 19 ff ff ff 66 90 


Stack slot to memory mapping:
stack at sp + 0 slots: 0x00007f655c12eb10 points into unknown readable memory: 0x0000000000000000 | 00 00 00 00 00 00 00 00
stack at sp + 1 slots: 0x00007f65607cfe90 is pointing into metadata
stack at sp + 2 slots: 0x00007f6562c99450 is pointing into the stack for thread: 0x00007f655c014800
stack at sp + 3 slots: 0x00007f6563c3b193: <offset 0x0000000000c88193> in /usr/lib/jvm/java-11-openjdk-amd64/lib/server/libjvm.so at 0x00007f6562fb3000
stack at sp + 4 slots: 0x00007f6562c99520 is pointing into the stack for thread: 0x00007f655c014800
stack at sp + 5 slots: 0x00007f655c014800 is a thread
stack at sp + 6 slots: 0xffffffffffffffff is an unknown value
stack at sp + 7 slots: 0x00007f650c058708 points into unknown readable memory: 0x616a0323ffff0019 | 19 00 ff ff 23 03 6a 61


---------------  P R O C E S S  ---------------

Threads class SMR info:
_java_thread_list=0x00007f655c268380, length=9, elements={
0x00007f655c014800, 0x00007f655c1b6800, 0x00007f655c1ba800, 0x00007f655c1cf800,
0x00007f655c1d1800, 0x00007f655c1d3800, 0x00007f655c1d5800, 0x00007f655c1d7800,
0x00007f655c266800
}

Java Threads: ( => current thread )
=>0x00007f655c014800 JavaThread "main" [_thread_in_vm, id=40876, stack(0x00007f6562b9c000,0x00007f6562c9c000)]
  0x00007f655c1b6800 JavaThread "Reference Handler" daemon [_thread_blocked, id=40887, stack(0x00007f6560149000,0x00007f6560249000)]
  0x00007f655c1ba800 JavaThread "Finalizer" daemon [_thread_blocked, id=40888, stack(0x00007f6560049000,0x00007f6560149000)]
  0x00007f655c1cf800 JavaThread "Signal Dispatcher" daemon [_thread_blocked, id=40889, stack(0x00007f6544753000,0x00007f6544853000)]
  0x00007f655c1d1800 JavaThread "Service Thread" daemon [_thread_blocked, id=40890, stack(0x00007f6544653000,0x00007f6544753000)]
  0x00007f655c1d3800 JavaThread "C2 CompilerThread0" daemon [_thread_blocked, id=40891, stack(0x00007f6544553000,0x00007f6544653000)]
  0x00007f655c1d5800 JavaThread "C1 CompilerThread0" daemon [_thread_blocked, id=40892, stack(0x00007f6544453000,0x00007f6544553000)]
  0x00007f655c1d7800 JavaThread "Sweeper thread" daemon [_thread_blocked, id=40893, stack(0x00007f6544353000,0x00007f6544453000)]
  0x00007f655c266800 JavaThread "Common-Cleaner" daemon [_thread_blocked, id=40895, stack(0x00007f6544151000,0x00007f6544251000)]

Other Threads:
  0x00007f655c1ae800 VMThread "VM Thread" [stack: 0x00007f656024b000,0x00007f656034b000] [id=40886]
  0x00007f655c260000 WatcherThread [stack: 0x00007f6544253000,0x00007f6544353000] [id=40894]
  0x00007f655c02e800 GCTaskThread "GC Thread#0" [stack: 0x00007f6562864000,0x00007f6562964000] [id=40878]
  0x00007f655c060000 ConcurrentGCThread "G1 Main Marker" [stack: 0x00007f6561535000,0x00007f6561635000] [id=40879]
  0x00007f655c062000 ConcurrentGCThread "G1 Conc#0" [stack: 0x00007f6561433000,0x00007f6561533000] [id=40880]
  0x00007f655c0e4800 ConcurrentGCThread "G1 Refine#0" [stack: 0x00007f6560d2b000,0x00007f6560e2b000] [id=40881]
  0x00007f655c0e6800 ConcurrentGCThread "G1 Young RemSet Sampling" [stack: 0x00007f6560c29000,0x00007f6560d29000] [id=40882]

Threads with active compile tasks:

VM state:not at safepoint (normal execution)

VM Mutex/Monitor currently owned by a thread: None

Heap address: 0x0000000083c00000, size: 1988 MB, Compressed Oops mode: 32-bit
Narrow klass base: 0x0000000000000000, Narrow klass shift: 3
Compressed class space size: 1073741824 Address: 0x0000000100000000

Heap:
 garbage-first heap   total 129024K, used 1024K [0x0000000083c00000, 0x0000000100000000)
  region size 1024K, 2 young (2048K), 0 survivors (0K)
 Metaspace       used 4105K, capacity 4480K, committed 4480K, reserved 1056768K
  class space    used 351K, capacity 384K, committed 384K, reserved 1048576K
Heap Regions: E=young(eden), S=young(survivor), O=old, HS=humongous(starts), HC=humongous(continues), CS=collection set, F=free, A=archive, TAMS=top-at-mark-start (previous, next)
|   0|0x0000000083c00000, 0x0000000083c00000, 0x0000000083d00000|  0%| F|  |TAMS 0x0000000083c00000, 0x0000000083c00000| Untracked 
|   1|0x0000000083d00000, 0x0000000083d00000, 0x0000000083e00000|  0%| F|  |TAMS 0x0000000083d00000, 0x0000000083d00000| Untracked 
|   2|0x0000000083e00000, 0x0000000083e00000, 0x0000000083f00000|  0%| F|  |TAMS 0x0000000083e00000, 0x0000000083e00000| Untracked 
|   3|0x0000000083f00000, 0x0000000083f00000, 0x0000000084000000|  0%| F|  |TAMS 0x0000000083f00000, 0x0000000083f00000| Untracked 
|   4|0x0000000084000000, 0x0000000084000000, 0x0000000084100000|  0%| F|  |TAMS 0x0000000084000000, 0x0000000084000000| Untracked 
|   5|0x0000000084100000, 0x0000000084100000, 0x0000000084200000|  0%| F|  |TAMS 0x0000000084100000, 0x0000000084100000| Untracked 
|   6|0x0000000084200000, 0x0000000084200000, 0x0000000084300000|  0%| F|  |TAMS 0x0000000084200000, 0x0000000084200000| Untracked 
|   7|0x0000000084300000, 0x0000000084300000, 0x0000000084400000|  0%| F|  |TAMS 0x0000000084300000, 0x0000000084300000| Untracked 
|   8|0x0000000084400000, 0x0000000084400000, 0x0000000084500000|  0%| F|  |TAMS 0x0000000084400000, 0x0000000084400000| Untracked 
|   9|0x0000000084500000, 0x0000000084500000, 0x0000000084600000|  0%| F|  |TAMS 0x0000000084500000, 0x0000000084500000| Untracked 
|  10|0x0000000084600000, 0x0000000084600000, 0x0000000084700000|  0%| F|  |TAMS 0x0000000084600000, 0x0000000084600000| Untracked 
|  11|0x0000000084700000, 0x0000000084700000, 0x0000000084800000|  0%| F|  |TAMS 0x0000000084700000, 0x0000000084700000| Untracked 
|  12|0x0000000084800000, 0x0000000084800000, 0x0000000084900000|  0%| F|  |TAMS 0x0000000084800000, 0x0000000084800000| Untracked 
|  13|0x0000000084900000, 0x0000000084900000, 0x0000000084a00000|  0%| F|  |TAMS 0x0000000084900000, 0x0000000084900000| Untracked 
|  14|0x0000000084a00000, 0x0000000084a00000, 0x0000000084b00000|  0%| F|  |TAMS 0x0000000084a00000, 0x0000000084a00000| Untracked 
|  15|0x0000000084b00000, 0x0000000084b00000, 0x0000000084c00000|  0%| F|  |TAMS 0x0000000084b00000, 0x0000000084b00000| Untracked 
|  16|0x0000000084c00000, 0x0000000084c00000, 0x0000000084d00000|  0%| F|  |TAMS 0x0000000084c00000, 0x0000000084c00000| Untracked 
|  17|0x0000000084d00000, 0x0000000084d00000, 0x0000000084e00000|  0%| F|  |TAMS 0x0000000084d00000, 0x0000000084d00000| Untracked 
|  18|0x0000000084e00000, 0x0000000084e00000, 0x0000000084f00000|  0%| F|  |TAMS 0x0000000084e00000, 0x0000000084e00000| Untracked 
|  19|0x0000000084f00000, 0x0000000084f00000, 0x0000000085000000|  0%| F|  |TAMS 0x0000000084f00000, 0x0000000084f00000| Untracked 
|  20|0x0000000085000000, 0x0000000085000000, 0x0000000085100000|  0%| F|  |TAMS 0x0000000085000000, 0x0000000085000000| Untracked 
|  21|0x0000000085100000, 0x0000000085100000, 0x0000000085200000|  0%| F|  |TAMS 0x0000000085100000, 0x0000000085100000| Untracked 
|  22|0x0000000085200000, 0x0000000085200000, 0x0000000085300000|  0%| F|  |TAMS 0x0000000085200000, 0x0000000085200000| Untracked 
|  23|0x0000000085300000, 0x0000000085300000, 0x0000000085400000|  0%| F|  |TAMS 0x0000000085300000, 0x0000000085300000| Untracked 
|  24|0x0000000085400000, 0x0000000085400000, 0x0000000085500000|  0%| F|  |TAMS 0x0000000085400000, 0x0000000085400000| Untracked 
|  25|0x0000000085500000, 0x0000000085500000, 0x0000000085600000|  0%| F|  |TAMS 0x0000000085500000, 0x0000000085500000| Untracked 
|  26|0x0000000085600000, 0x0000000085600000, 0x0000000085700000|  0%| F|  |TAMS 0x0000000085600000, 0x0000000085600000| Untracked 
|  27|0x0000000085700000, 0x0000000085700000, 0x0000000085800000|  0%| F|  |TAMS 0x0000000085700000, 0x0000000085700000| Untracked 
|  28|0x0000000085800000, 0x0000000085800000, 0x0000000085900000|  0%| F|  |TAMS 0x0000000085800000, 0x0000000085800000| Untracked 
|  29|0x0000000085900000, 0x0000000085900000, 0x0000000085a00000|  0%| F|  |TAMS 0x0000000085900000, 0x0000000085900000| Untracked 
|  30|0x0000000085a00000, 0x0000000085a00000, 0x0000000085b00000|  0%| F|  |TAMS 0x0000000085a00000, 0x0000000085a00000| Untracked 
|  31|0x0000000085b00000, 0x0000000085b00000, 0x0000000085c00000|  0%| F|  |TAMS 0x0000000085b00000, 0x0000000085b00000| Untracked 
|  32|0x0000000085c00000, 0x0000000085c00000, 0x0000000085d00000|  0%| F|  |TAMS 0x0000000085c00000, 0x0000000085c00000| Untracked 
|  33|0x0000000085d00000, 0x0000000085d00000, 0x0000000085e00000|  0%| F|  |TAMS 0x0000000085d00000, 0x0000000085d00000| Untracked 
|  34|0x0000000085e00000, 0x0000000085e00000, 0x0000000085f00000|  0%| F|  |TAMS 0x0000000085e00000, 0x0000000085e00000| Untracked 
|  35|0x0000000085f00000, 0x0000000085f00000, 0x0000000086000000|  0%| F|  |TAMS 0x0000000085f00000, 0x0000000085f00000| Untracked 
|  36|0x0000000086000000, 0x0000000086000000, 0x0000000086100000|  0%| F|  |TAMS 0x0000000086000000, 0x0000000086000000| Untracked 
|  37|0x0000000086100000, 0x0000000086100000, 0x0000000086200000|  0%| F|  |TAMS 0x0000000086100000, 0x0000000086100000| Untracked 
|  38|0x0000000086200000, 0x0000000086200000, 0x0000000086300000|  0%| F|  |TAMS 0x0000000086200000, 0x0000000086200000| Untracked 
|  39|0x0000000086300000, 0x0000000086300000, 0x0000000086400000|  0%| F|  |TAMS 0x0000000086300000, 0x0000000086300000| Untracked 
|  40|0x0000000086400000, 0x0000000086400000, 0x0000000086500000|  0%| F|  |TAMS 0x0000000086400000, 0x0000000086400000| Untracked 
|  41|0x0000000086500000, 0x0000000086500000, 0x0000000086600000|  0%| F|  |TAMS 0x0000000086500000, 0x0000000086500000| Untracked 
|  42|0x0000000086600000, 0x0000000086600000, 0x0000000086700000|  0%| F|  |TAMS 0x0000000086600000, 0x0000000086600000| Untracked 
|  43|0x0000000086700000, 0x0000000086700000, 0x0000000086800000|  0%| F|  |TAMS 0x0000000086700000, 0x0000000086700000| Untracked 
|  44|0x0000000086800000, 0x0000000086800000, 0x0000000086900000|  0%| F|  |TAMS 0x0000000086800000, 0x0000000086800000| Untracked 
|  45|0x0000000086900000, 0x0000000086900000, 0x0000000086a00000|  0%| F|  |TAMS 0x0000000086900000, 0x0000000086900000| Untracked 
|  46|0x0000000086a00000, 0x0000000086a00000, 0x0000000086b00000|  0%| F|  |TAMS 0x0000000086a00000, 0x0000000086a00000| Untracked 
|  47|0x0000000086b00000, 0x0000000086b00000, 0x0000000086c00000|  0%| F|  |TAMS 0x0000000086b00000, 0x0000000086b00000| Untracked 
|  48|0x0000000086c00000, 0x0000000086c00000, 0x0000000086d00000|  0%| F|  |TAMS 0x0000000086c00000, 0x0000000086c00000| Untracked 
|  49|0x0000000086d00000, 0x0000000086d00000, 0x0000000086e00000|  0%| F|  |TAMS 0x0000000086d00000, 0x0000000086d00000| Untracked 
|  50|0x0000000086e00000, 0x0000000086e00000, 0x0000000086f00000|  0%| F|  |TAMS 0x0000000086e00000, 0x0000000086e00000| Untracked 
|  51|0x0000000086f00000, 0x0000000086f00000, 0x0000000087000000|  0%| F|  |TAMS 0x0000000086f00000, 0x0000000086f00000| Untracked 
|  52|0x0000000087000000, 0x0000000087000000, 0x0000000087100000|  0%| F|  |TAMS 0x0000000087000000, 0x0000000087000000| Untracked 
|  53|0x0000000087100000, 0x0000000087100000, 0x0000000087200000|  0%| F|  |TAMS 0x0000000087100000, 0x0000000087100000| Untracked 
|  54|0x0000000087200000, 0x0000000087200000, 0x0000000087300000|  0%| F|  |TAMS 0x0000000087200000, 0x0000000087200000| Untracked 
|  55|0x0000000087300000, 0x0000000087300000, 0x0000000087400000|  0%| F|  |TAMS 0x0000000087300000, 0x0000000087300000| Untracked 
|  56|0x0000000087400000, 0x0000000087400000, 0x0000000087500000|  0%| F|  |TAMS 0x0000000087400000, 0x0000000087400000| Untracked 
|  57|0x0000000087500000, 0x0000000087500000, 0x0000000087600000|  0%| F|  |TAMS 0x0000000087500000, 0x0000000087500000| Untracked 
|  58|0x0000000087600000, 0x0000000087600000, 0x0000000087700000|  0%| F|  |TAMS 0x0000000087600000, 0x0000000087600000| Untracked 
|  59|0x0000000087700000, 0x0000000087700000, 0x0000000087800000|  0%| F|  |TAMS 0x0000000087700000, 0x0000000087700000| Untracked 
|  60|0x0000000087800000, 0x0000000087800000, 0x0000000087900000|  0%| F|  |TAMS 0x0000000087800000, 0x0000000087800000| Untracked 
|  61|0x0000000087900000, 0x0000000087900000, 0x0000000087a00000|  0%| F|  |TAMS 0x0000000087900000, 0x0000000087900000| Untracked 
|  62|0x0000000087a00000, 0x0000000087a00000, 0x0000000087b00000|  0%| F|  |TAMS 0x0000000087a00000, 0x0000000087a00000| Untracked 
|  63|0x0000000087b00000, 0x0000000087b00000, 0x0000000087c00000|  0%| F|  |TAMS 0x0000000087b00000, 0x0000000087b00000| Untracked 
|  64|0x0000000087c00000, 0x0000000087c00000, 0x0000000087d00000|  0%| F|  |TAMS 0x0000000087c00000, 0x0000000087c00000| Untracked 
|  65|0x0000000087d00000, 0x0000000087d00000, 0x0000000087e00000|  0%| F|  |TAMS 0x0000000087d00000, 0x0000000087d00000| Untracked 
|  66|0x0000000087e00000, 0x0000000087e00000, 0x0000000087f00000|  0%| F|  |TAMS 0x0000000087e00000, 0x0000000087e00000| Untracked 
|  67|0x0000000087f00000, 0x0000000087f00000, 0x0000000088000000|  0%| F|  |TAMS 0x0000000087f00000, 0x0000000087f00000| Untracked 
|  68|0x0000000088000000, 0x0000000088000000, 0x0000000088100000|  0%| F|  |TAMS 0x0000000088000000, 0x0000000088000000| Untracked 
|  69|0x0000000088100000, 0x0000000088100000, 0x0000000088200000|  0%| F|  |TAMS 0x0000000088100000, 0x0000000088100000| Untracked 
|  70|0x0000000088200000, 0x0000000088200000, 0x0000000088300000|  0%| F|  |TAMS 0x0000000088200000, 0x0000000088200000| Untracked 
|  71|0x0000000088300000, 0x0000000088300000, 0x0000000088400000|  0%| F|  |TAMS 0x0000000088300000, 0x0000000088300000| Untracked 
|  72|0x0000000088400000, 0x0000000088400000, 0x0000000088500000|  0%| F|  |TAMS 0x0000000088400000, 0x0000000088400000| Untracked 
|  73|0x0000000088500000, 0x0000000088500000, 0x0000000088600000|  0%| F|  |TAMS 0x0000000088500000, 0x0000000088500000| Untracked 
|  74|0x0000000088600000, 0x0000000088600000, 0x0000000088700000|  0%| F|  |TAMS 0x0000000088600000, 0x0000000088600000| Untracked 
|  75|0x0000000088700000, 0x0000000088700000, 0x0000000088800000|  0%| F|  |TAMS 0x0000000088700000, 0x0000000088700000| Untracked 
|  76|0x0000000088800000, 0x0000000088800000, 0x0000000088900000|  0%| F|  |TAMS 0x0000000088800000, 0x0000000088800000| Untracked 
|  77|0x0000000088900000, 0x0000000088900000, 0x0000000088a00000|  0%| F|  |TAMS 0x0000000088900000, 0x0000000088900000| Untracked 
|  78|0x0000000088a00000, 0x0000000088a00000, 0x0000000088b00000|  0%| F|  |TAMS 0x0000000088a00000, 0x0000000088a00000| Untracked 
|  79|0x0000000088b00000, 0x0000000088b00000, 0x0000000088c00000|  0%| F|  |TAMS 0x0000000088b00000, 0x0000000088b00000| Untracked 
|  80|0x0000000088c00000, 0x0000000088c00000, 0x0000000088d00000|  0%| F|  |TAMS 0x0000000088c00000, 0x0000000088c00000| Untracked 
|  81|0x0000000088d00000, 0x0000000088d00000, 0x0000000088e00000|  0%| F|  |TAMS 0x0000000088d00000, 0x0000000088d00000| Untracked 
|  82|0x0000000088e00000, 0x0000000088e00000, 0x0000000088f00000|  0%| F|  |TAMS 0x0000000088e00000, 0x0000000088e00000| Untracked 
|  83|0x0000000088f00000, 0x0000000088f00000, 0x0000000089000000|  0%| F|  |TAMS 0x0000000088f00000, 0x0000000088f00000| Untracked 
|  84|0x0000000089000000, 0x0000000089000000, 0x0000000089100000|  0%| F|  |TAMS 0x0000000089000000, 0x0000000089000000| Untracked 
|  85|0x0000000089100000, 0x0000000089100000, 0x0000000089200000|  0%| F|  |TAMS 0x0000000089100000, 0x0000000089100000| Untracked 
|  86|0x0000000089200000, 0x0000000089200000, 0x0000000089300000|  0%| F|  |TAMS 0x0000000089200000, 0x0000000089200000| Untracked 
|  87|0x0000000089300000, 0x0000000089300000, 0x0000000089400000|  0%| F|  |TAMS 0x0000000089300000, 0x0000000089300000| Untracked 
|  88|0x0000000089400000, 0x0000000089400000, 0x0000000089500000|  0%| F|  |TAMS 0x0000000089400000, 0x0000000089400000| Untracked 
|  89|0x0000000089500000, 0x0000000089500000, 0x0000000089600000|  0%| F|  |TAMS 0x0000000089500000, 0x0000000089500000| Untracked 
|  90|0x0000000089600000, 0x0000000089600000, 0x0000000089700000|  0%| F|  |TAMS 0x0000000089600000, 0x0000000089600000| Untracked 
|  91|0x0000000089700000, 0x0000000089700000, 0x0000000089800000|  0%| F|  |TAMS 0x0000000089700000, 0x0000000089700000| Untracked 
|  92|0x0000000089800000, 0x0000000089800000, 0x0000000089900000|  0%| F|  |TAMS 0x0000000089800000, 0x0000000089800000| Untracked 
|  93|0x0000000089900000, 0x0000000089900000, 0x0000000089a00000|  0%| F|  |TAMS 0x0000000089900000, 0x0000000089900000| Untracked 
|  94|0x0000000089a00000, 0x0000000089a00000, 0x0000000089b00000|  0%| F|  |TAMS 0x0000000089a00000, 0x0000000089a00000| Untracked 
|  95|0x0000000089b00000, 0x0000000089b00000, 0x0000000089c00000|  0%| F|  |TAMS 0x0000000089b00000, 0x0000000089b00000| Untracked 
|  96|0x0000000089c00000, 0x0000000089c00000, 0x0000000089d00000|  0%| F|  |TAMS 0x0000000089c00000, 0x0000000089c00000| Untracked 
|  97|0x0000000089d00000, 0x0000000089d00000, 0x0000000089e00000|  0%| F|  |TAMS 0x0000000089d00000, 0x0000000089d00000| Untracked 
|  98|0x0000000089e00000, 0x0000000089e00000, 0x0000000089f00000|  0%| F|  |TAMS 0x0000000089e00000, 0x0000000089e00000| Untracked 
|  99|0x0000000089f00000, 0x0000000089f00000, 0x000000008a000000|  0%| F|  |TAMS 0x0000000089f00000, 0x0000000089f00000| Untracked 
| 100|0x000000008a000000, 0x000000008a000000, 0x000000008a100000|  0%| F|  |TAMS 0x000000008a000000, 0x000000008a000000| Untracked 
| 101|0x000000008a100000, 0x000000008a100000, 0x000000008a200000|  0%| F|  |TAMS 0x000000008a100000, 0x000000008a100000| Untracked 
| 102|0x000000008a200000, 0x000000008a200000, 0x000000008a300000|  0%| F|  |TAMS 0x000000008a200000, 0x000000008a200000| Untracked 
| 103|0x000000008a300000, 0x000000008a300000, 0x000000008a400000|  0%| F|  |TAMS 0x000000008a300000, 0x000000008a300000| Untracked 
| 104|0x000000008a400000, 0x000000008a400000, 0x000000008a500000|  0%| F|  |TAMS 0x000000008a400000, 0x000000008a400000| Untracked 
| 105|0x000000008a500000, 0x000000008a500000, 0x000000008a600000|  0%| F|  |TAMS 0x000000008a500000, 0x000000008a500000| Untracked 
| 106|0x000000008a600000, 0x000000008a600000, 0x000000008a700000|  0%| F|  |TAMS 0x000000008a600000, 0x000000008a600000| Untracked 
| 107|0x000000008a700000, 0x000000008a700000, 0x000000008a800000|  0%| F|  |TAMS 0x000000008a700000, 0x000000008a700000| Untracked 
| 108|0x000000008a800000, 0x000000008a800000, 0x000000008a900000|  0%| F|  |TAMS 0x000000008a800000, 0x000000008a800000| Untracked 
| 109|0x000000008a900000, 0x000000008a900000, 0x000000008aa00000|  0%| F|  |TAMS 0x000000008a900000, 0x000000008a900000| Untracked 
| 110|0x000000008aa00000, 0x000000008aa00000, 0x000000008ab00000|  0%| F|  |TAMS 0x000000008aa00000, 0x000000008aa00000| Untracked 
| 111|0x000000008ab00000, 0x000000008ab00000, 0x000000008ac00000|  0%| F|  |TAMS 0x000000008ab00000, 0x000000008ab00000| Untracked 
| 112|0x000000008ac00000, 0x000000008ac00000, 0x000000008ad00000|  0%| F|  |TAMS 0x000000008ac00000, 0x000000008ac00000| Untracked 
| 113|0x000000008ad00000, 0x000000008ad00000, 0x000000008ae00000|  0%| F|  |TAMS 0x000000008ad00000, 0x000000008ad00000| Untracked 
| 114|0x000000008ae00000, 0x000000008ae00000, 0x000000008af00000|  0%| F|  |TAMS 0x000000008ae00000, 0x000000008ae00000| Untracked 
| 115|0x000000008af00000, 0x000000008af00000, 0x000000008b000000|  0%| F|  |TAMS 0x000000008af00000, 0x000000008af00000| Untracked 
| 116|0x000000008b000000, 0x000000008b000000, 0x000000008b100000|  0%| F|  |TAMS 0x000000008b000000, 0x000000008b000000| Untracked 
| 117|0x000000008b100000, 0x000000008b100000, 0x000000008b200000|  0%| F|  |TAMS 0x000000008b100000, 0x000000008b100000| Untracked 
| 118|0x000000008b200000, 0x000000008b200000, 0x000000008b300000|  0%| F|  |TAMS 0x000000008b200000, 0x000000008b200000| Untracked 
| 119|0x000000008b300000, 0x000000008b300000, 0x000000008b400000|  0%| F|  |TAMS 0x000000008b300000, 0x000000008b300000| Untracked 
| 120|0x000000008b400000, 0x000000008b400000, 0x000000008b500000|  0%| F|  |TAMS 0x000000008b400000, 0x000000008b400000| Untracked 
| 121|0x000000008b500000, 0x000000008b500000, 0x000000008b600000|  0%| F|  |TAMS 0x000000008b500000, 0x000000008b500000| Untracked 
| 122|0x000000008b600000, 0x000000008b600000, 0x000000008b700000|  0%| F|  |TAMS 0x000000008b600000, 0x000000008b600000| Untracked 
| 123|0x000000008b700000, 0x000000008b700000, 0x000000008b800000|  0%| F|  |TAMS 0x000000008b700000, 0x000000008b700000| Untracked 
| 124|0x000000008b800000, 0x000000008b8712d0, 0x000000008b900000| 44%| E|  |TAMS 0x000000008b800000, 0x000000008b800000| Complete 
| 125|0x000000008b900000, 0x000000008ba00000, 0x000000008ba00000|100%| E|CS|TAMS 0x000000008b900000, 0x000000008b900000| Complete 

Card table byte_map: [0x00007f6561a98000,0x00007f6561e7a000] _byte_map_base: 0x00007f656167a000

Marking Bits (Prev, Next): (CMBitMap*) 0x00007f655c057598, (CMBitMap*) 0x00007f655c0575d0
 Prev Bits: [0x00007f653e0f0000, 0x00007f6540000000)
 Next Bits: [0x00007f653c1e0000, 0x00007f653e0f0000)

Polling page: 0x00007f65644ae000

Metaspace:

Usage:
  Non-class:      4.00 MB capacity,     3.67 MB ( 92%) used,   341.18 KB (  8%) free+waste,    64 bytes ( <1%) overhead. 
      Class:    384.00 KB capacity,   351.22 KB ( 91%) used,    32.72 KB (  9%) free+waste,    64 bytes ( <1%) overhead. 
       Both:      4.38 MB capacity,     4.01 MB ( 92%) used,   373.90 KB (  8%) free+waste,   128 bytes ( <1%) overhead. 

Virtual space:
  Non-class space:        8.00 MB reserved,       4.00 MB ( 50%) committed 
      Class space:        1.00 GB reserved,     384.00 KB ( <1%) committed 
             Both:        1.01 GB reserved,       4.38 MB ( <1%) committed 

Chunk freelists:
   Non-Class:  0 bytes
       Class:  0 bytes
        Both:  0 bytes

MaxMetaspaceSize: unlimited
CompressedClassSpaceSize: 1.00 GB
Initial GC threshold: 20.80 MB
Current GC threshold: 20.80 MB
CDS: off

CodeHeap 'non-profiled nmethods': size=120032Kb used=18Kb max_used=18Kb free=120013Kb
 bounds [0x00007f654c31b000, 0x00007f654c58b000, 0x00007f6553853000]
CodeHeap 'profiled nmethods': size=120032Kb used=104Kb max_used=104Kb free=119927Kb
 bounds [0x00007f6544de3000, 0x00007f6545053000, 0x00007f654c31b000]
CodeHeap 'non-nmethods': size=5696Kb used=1045Kb max_used=1045Kb free=4650Kb
 bounds [0x00007f6544853000, 0x00007f6544ac3000, 0x00007f6544de3000]
 total_blobs=357 nmethods=81 adapters=190
 compilation: enabled
              stopped_count=0, restarted_count=0
 full_count=0

Compilation events (20 events):
Event: 0.098 Thread 0x00007f655c1d5800   71       3       java.util.Map::entry (10 bytes)
Event: 0.098 Thread 0x00007f655c1d5800 nmethod 71 0x00007f6544df9a10 code [0x00007f6544df9c20, 0x00007f6544dfa170]
Event: 0.099 Thread 0x00007f655c1d3800   73       4       java.lang.String::hashCode (49 bytes)
Event: 0.101 Thread 0x00007f655c1d5800   72       1       java.lang.module.ModuleDescriptor::isOpen (5 bytes)
Event: 0.101 Thread 0x00007f655c1d5800 nmethod 72 0x00007f654c31e990 code [0x00007f654c31eb40, 0x00007f654c31ebf0]
Event: 0.102 Thread 0x00007f655c1d5800   77       3       java.util.HashMap::resize (356 bytes)
Event: 0.102 Thread 0x00007f655c1d3800 nmethod 73 0x00007f654c31ec90 code [0x00007f654c31ee20, 0x00007f654c31f058]
Event: 0.102 Thread 0x00007f655c1d3800   74       4       java.util.ImmutableCollections$SetN$SetNIterator::hasNext (13 bytes)
Event: 0.102 Thread 0x00007f655c1d3800 nmethod 74 0x00007f654c31f190 code [0x00007f654c31f320, 0x00007f654c31f398]
Event: 0.102 Thread 0x00007f655c1d3800   79       4       java.util.HashMap::afterNodeInsertion (1 bytes)
Event: 0.102 Thread 0x00007f655c1d5800 nmethod 77 0x00007f6544dfa390 code [0x00007f6544dfa660, 0x00007f6544dfba80]
Event: 0.102 Thread 0x00007f655c1d5800   75       3       jdk.internal.module.ModuleBootstrap$2::hasNext (30 bytes)
Event: 0.103 Thread 0x00007f655c1d3800 nmethod 79 0x00007f654c31f490 code [0x00007f654c31f620, 0x00007f654c31f678]
Event: 0.103 Thread 0x00007f655c1d5800 nmethod 75 0x00007f6544dfbf10 code [0x00007f6544dfc0e0, 0x00007f6544dfc3f0]
Event: 0.103 Thread 0x00007f655c1d5800   76       3       jdk.internal.module.ModuleBootstrap$2::next (52 bytes)
Event: 0.103 Thread 0x00007f655c1d5800 nmethod 76 0x00007f6544dfc510 code [0x00007f6544dfc720, 0x00007f6544dfcc20]
Event: 0.103 Thread 0x00007f655c1d5800   80       3       java.util.HashMap::putIfAbsent (13 bytes)
Event: 0.103 Thread 0x00007f655c1d5800 nmethod 80 0x00007f6544dfcd90 code [0x00007f6544dfcf60, 0x00007f6544dfd250]
Event: 0.103 Thread 0x00007f655c1d5800   78       1       java.lang.Module::getDescriptor (5 bytes)
Event: 0.103 Thread 0x00007f655c1d5800 nmethod 78 0x00007f654c31f790 code [0x00007f654c31f940, 0x00007f654c31f9f0]

GC Heap History (0 events):
No events

Deoptimization events (0 events):
No events

Classes redefined (0 events):
No events

Internal exceptions (0 events):
No events

Events (20 events):
Event: 0.124 loading class java/io/FileCleanable
Event: 0.124 loading class java/io/FileCleanable done
Event: 0.124 loading class java/util/zip/ZipFile$Source$End
Event: 0.124 loading class java/util/zip/ZipFile$Source$End done
Event: 0.124 loading class java/util/zip/ZipUtils
Event: 0.124 loading class java/util/zip/ZipUtils done
Event: 0.125 loading class jdk/internal/perf/PerfCounter
Event: 0.125 loading class jdk/internal/perf/PerfCounter done
Event: 0.125 loading class jdk/internal/perf/Perf$GetPerfAction
Event: 0.125 loading class jdk/internal/perf/Perf$GetPerfAction done
Event: 0.125 loading class jdk/internal/perf/Perf
Event: 0.125 loading class jdk/internal/perf/Perf done
Event: 0.125 loading class jdk/internal/perf/PerfCounter$CoreCounters
Event: 0.125 loading class jdk/internal/perf/PerfCounter$CoreCounters done
Event: 0.125 loading class sun/nio/ch/DirectBuffer
Event: 0.125 loading class sun/nio/ch/DirectBuffer done
Event: 0.125 loading class java/nio/DirectByteBuffer
Event: 0.125 loading class java/nio/MappedByteBuffer
Event: 0.125 loading class java/nio/MappedByteBuffer done
Event: 0.125 loading class java/nio/DirectByteBuffer done


Dynamic libraries:
83c00000-8ba00000 rw-p 00000000 00:00 0 
8ba00000-100000000 ---p 00000000 00:00 0 
100000000-100060000 rw-p 00000000 00:00 0 
100060000-140000000 ---p 00000000 00:00 0 
55fd250d1000-55fd250d2000 r--p 00000000 08:01 789356                     /usr/lib/jvm/java-11-openjdk-amd64/bin/java
55fd250d2000-55fd250d3000 r-xp 00001000 08:01 789356                     /usr/lib/jvm/java-11-openjdk-amd64/bin/java
55fd250d3000-55fd250d4000 r--p 00002000 08:01 789356                     /usr/lib/jvm/java-11-openjdk-amd64/bin/java
55fd250d4000-55fd250d5000 r--p 00002000 08:01 789356                     /usr/lib/jvm/java-11-openjdk-amd64/bin/java
55fd250d5000-55fd250d6000 rw-p 00003000 08:01 789356                     /usr/lib/jvm/java-11-openjdk-amd64/bin/java
55fd26aae000-55fd26acf000 rw-p 00000000 00:00 0                          [heap]
7f64fc000000-7f64fc021000 rw-p 00000000 00:00 0 
7f64fc021000-7f6500000000 ---p 00000000 00:00 0 
7f6504000000-7f6504021000 rw-p 00000000 00:00 0 
7f6504021000-7f6508000000 ---p 00000000 00:00 0 
7f6508000000-7f6508021000 rw-p 00000000 00:00 0 
7f6508021000-7f650c000000 ---p 00000000 00:00 0 
7f650c000000-7f650c095000 rw-p 00000000 00:00 0 
7f650c095000-7f6510000000 ---p 00000000 00:00 0 
7f6510000000-7f651005d000 rw-p 00000000 00:00 0 
7f651005d000-7f6514000000 ---p 00000000 00:00 0 
7f6514000000-7f6514021000 rw-p 00000000 00:00 0 
7f6514021000-7f6518000000 ---p 00000000 00:00 0 
7f6518000000-7f6518021000 rw-p 00000000 00:00 0 
7f6518021000-7f651c000000 ---p 00000000 00:00 0 
7f651c000000-7f651c021000 rw-p 00000000 00:00 0 
7f651c021000-7f6520000000 ---p 00000000 00:00 0 
7f6520000000-7f6520021000 rw-p 00000000 00:00 0 
7f6520021000-7f6524000000 ---p 00000000 00:00 0 
7f6524000000-7f6524021000 rw-p 00000000 00:00 0 
7f6524021000-7f6528000000 ---p 00000000 00:00 0 
7f6528000000-7f6528021000 rw-p 00000000 00:00 0 
7f6528021000-7f652c000000 ---p 00000000 00:00 0 
7f652c000000-7f652c021000 rw-p 00000000 00:00 0 
7f652c021000-7f6530000000 ---p 00000000 00:00 0 
7f6530000000-7f6530021000 rw-p 00000000 00:00 0 
7f6530021000-7f6534000000 ---p 00000000 00:00 0 
7f6535101000-7f6536000000 r--p 00000000 08:01 922230                     /usr/lib/locale/locale-archive
7f6536000000-7f6538000000 rw-p 00000000 00:00 0 
7f6538000000-7f6538021000 rw-p 00000000 00:00 0 
7f6538021000-7f653c000000 ---p 00000000 00:00 0 
7f653c1e0000-7f653c3d8000 rw-p 00000000 00:00 0 
7f653c3d8000-7f653e0f0000 ---p 00000000 00:00 0 
7f653e0f0000-7f653e2e8000 rw-p 00000000 00:00 0 
7f653e2e8000-7f6540000000 ---p 00000000 00:00 0 
7f6540000000-7f6540021000 rw-p 00000000 00:00 0 
7f6540021000-7f6544000000 ---p 00000000 00:00 0 
7f6544151000-7f6544155000 ---p 00000000 00:00 0 
7f6544155000-7f6544251000 rw-p 00000000 00:00 0 
7f6544251000-7f6544252000 ---p 00000000 00:00 0 
7f6544252000-7f6544353000 rw-p 00000000 00:00 0 
7f6544353000-7f6544357000 ---p 00000000 00:00 0 
7f6544357000-7f6544453000 rw-p 00000000 00:00 0 
7f6544453000-7f6544457000 ---p 00000000 00:00 0 
7f6544457000-7f6544553000 rw-p 00000000 00:00 0 
7f6544553000-7f6544557000 ---p 00000000 00:00 0 
7f6544557000-7f6544653000 rw-p 00000000 00:00 0 
7f6544653000-7f6544657000 ---p 00000000 00:00 0 
7f6544657000-7f6544753000 rw-p 00000000 00:00 0 
7f6544753000-7f6544757000 ---p 00000000 00:00 0 
7f6544757000-7f6544853000 rw-p 00000000 00:00 0 
7f6544853000-7f6544ac3000 rwxp 00000000 00:00 0 
7f6544ac3000-7f6544de3000 ---p 00000000 00:00 0 
7f6544de3000-7f6545053000 rwxp 00000000 00:00 0 
7f6545053000-7f654c31b000 ---p 00000000 00:00 0 
7f654c31b000-7f654c58b000 rwxp 00000000 00:00 0 
7f654c58b000-7f6553853000 ---p 00000000 00:00 0 
7f6553853000-7f655c000000 r--s 00000000 08:01 789522                     /usr/lib/jvm/java-11-openjdk-amd64/lib/modules
7f655c000000-7f655c2bb000 rw-p 00000000 00:00 0 
7f655c2bb000-7f6560000000 ---p 00000000 00:00 0 
7f656001b000-7f656001f000 r--p 00000000 08:01 789511                     /usr/lib/jvm/java-11-openjdk-amd64/lib/libnet.so
7f656001f000-7f656002f000 r-xp 00004000 08:01 789511                     /usr/lib/jvm/java-11-openjdk-amd64/lib/libnet.so
7f656002f000-7f6560033000 r--p 00014000 08:01 789511                     /usr/lib/jvm/java-11-openjdk-amd64/lib/libnet.so
7f6560033000-7f6560034000 r--p 00017000 08:01 789511                     /usr/lib/jvm/java-11-openjdk-amd64/lib/libnet.so
7f6560034000-7f6560035000 rw-p 00018000 08:01 789511                     /usr/lib/jvm/java-11-openjdk-amd64/lib/libnet.so
7f6560035000-7f656003c000 r--p 00000000 08:01 789512                     /usr/lib/jvm/java-11-openjdk-amd64/lib/libnio.so
7f656003c000-7f6560044000 r-xp 00007000 08:01 789512                     /usr/lib/jvm/java-11-openjdk-amd64/lib/libnio.so
7f6560044000-7f6560047000 r--p 0000f000 08:01 789512                     /usr/lib/jvm/java-11-openjdk-amd64/lib/libnio.so
7f6560047000-7f6560048000 r--p 00011000 08:01 789512                     /usr/lib/jvm/java-11-openjdk-amd64/lib/libnio.so
7f6560048000-7f6560049000 rw-p 00012000 08:01 789512                     /usr/lib/jvm/java-11-openjdk-amd64/lib/libnio.so
7f6560049000-7f656004d000 ---p 00000000 00:00 0 
7f656004d000-7f6560149000 rw-p 00000000 00:00 0 
7f6560149000-7f656014d000 ---p 00000000 00:00 0 
7f656014d000-7f6560249000 rw-p 00000000 00:00 0 
7f6560249000-7f656024a000 ---p 00000000 00:00 0 
7f656024a000-7f6560827000 rw-p 00000000 00:00 0 
7f6560827000-7f6560c27000 ---p 00000000 00:00 0 
7f6560c27000-7f6560c28000 ---p 00000000 00:00 0 
7f6560c28000-7f6560d29000 rw-p 00000000 00:00 0 
7f6560d29000-7f6560d2a000 ---p 00000000 00:00 0 
7f6560d2a000-7f6561431000 rw-p 00000000 00:00 0 
7f6561431000-7f6561432000 ---p 00000000 00:00 0 
7f6561432000-7f6561533000 rw-p 00000000 00:00 0 
7f6561533000-7f6561534000 ---p 00000000 00:00 0 
7f6561534000-7f65616f5000 rw-p 00000000 00:00 0 
7f65616f5000-7f6561a98000 ---p 00000000 00:00 0 
7f6561a98000-7f6561ad7000 rw-p 00000000 00:00 0 
7f6561ad7000-7f6561e7a000 ---p 00000000 00:00 0 
7f6561e7a000-7f6561eb9000 rw-p 00000000 00:00 0 
7f6561eb9000-7f656225c000 ---p 00000000 00:00 0 
7f656225c000-7f6562862000 rw-p 00000000 00:00 0 
7f6562862000-7f6562863000 ---p 00000000 00:00 0 
7f6562863000-7f6562969000 rw-p 00000000 00:00 0 
7f6562969000-7f6562a4f000 ---p 00000000 00:00 0 
7f6562a4f000-7f6562a54000 rw-p 00000000 00:00 0 
7f6562a54000-7f6562b3a000 ---p 00000000 00:00 0 
7f6562b3a000-7f6562b3f000 rw-p 00000000 00:00 0 
7f6562b3f000-7f6562b46000 ---p 00000000 00:00 0 
7f6562b46000-7f6562b48000 r--p 00000000 08:01 789521                     /usr/lib/jvm/java-11-openjdk-amd64/lib/libzip.so
7f6562b48000-7f6562b4c000 r-xp 00002000 08:01 789521                     /usr/lib/jvm/java-11-openjdk-amd64/lib/libzip.so
7f6562b4c000-7f6562b4e000 r--p 00006000 08:01 789521                     /usr/lib/jvm/java-11-openjdk-amd64/lib/libzip.so
7f6562b4e000-7f6562b4f000 r--p 00007000 08:01 789521                     /usr/lib/jvm/java-11-openjdk-amd64/lib/libzip.so
7f6562b4f000-7f6562b50000 rw-p 00008000 08:01 789521                     /usr/lib/jvm/java-11-openjdk-amd64/lib/libzip.so
7f6562b50000-7f6562b58000 rw-s 00000000 08:01 2753390                    /tmp/hsperfdata_rodpk/40875
7f6562b58000-7f6562b65000 r--p 00000000 08:01 789499                     /usr/lib/jvm/java-11-openjdk-amd64/lib/libjava.so
7f6562b65000-7f6562b7b000 r-xp 0000d000 08:01 789499                     /usr/lib/jvm/java-11-openjdk-amd64/lib/libjava.so
7f6562b7b000-7f6562b82000 r--p 00023000 08:01 789499                     /usr/lib/jvm/java-11-openjdk-amd64/lib/libjava.so
7f6562b82000-7f6562b83000 r--p 00029000 08:01 789499                     /usr/lib/jvm/java-11-openjdk-amd64/lib/libjava.so
7f6562b83000-7f6562b84000 rw-p 0002a000 08:01 789499                     /usr/lib/jvm/java-11-openjdk-amd64/lib/libjava.so
7f6562b84000-7f6562b85000 rw-p 00000000 00:00 0 
7f6562b85000-7f6562b8a000 r--p 00000000 08:01 789520                     /usr/lib/jvm/java-11-openjdk-amd64/lib/libverify.so
7f6562b8a000-7f6562b91000 r-xp 00005000 08:01 789520                     /usr/lib/jvm/java-11-openjdk-amd64/lib/libverify.so
7f6562b91000-7f6562b93000 r--p 0000c000 08:01 789520                     /usr/lib/jvm/java-11-openjdk-amd64/lib/libverify.so
7f6562b93000-7f6562b94000 ---p 0000e000 08:01 789520                     /usr/lib/jvm/java-11-openjdk-amd64/lib/libverify.so
7f6562b94000-7f6562b96000 r--p 0000e000 08:01 789520                     /usr/lib/jvm/java-11-openjdk-amd64/lib/libverify.so
7f6562b96000-7f6562b97000 rw-p 00010000 08:01 789520                     /usr/lib/jvm/java-11-openjdk-amd64/lib/libverify.so
7f6562b97000-7f6562b98000 r--p 00000000 08:01 1317642                    /usr/lib/x86_64-linux-gnu/librt.so.1
7f6562b98000-7f6562b99000 r-xp 00001000 08:01 1317642                    /usr/lib/x86_64-linux-gnu/librt.so.1
7f6562b99000-7f6562b9a000 r--p 00002000 08:01 1317642                    /usr/lib/x86_64-linux-gnu/librt.so.1
7f6562b9a000-7f6562b9b000 r--p 00002000 08:01 1317642                    /usr/lib/x86_64-linux-gnu/librt.so.1
7f6562b9b000-7f6562b9c000 rw-p 00003000 08:01 1317642                    /usr/lib/x86_64-linux-gnu/librt.so.1
7f6562b9c000-7f6562ba0000 ---p 00000000 00:00 0 
7f6562ba0000-7f6562c9c000 rw-p 00000000 00:00 0 
7f6562c9c000-7f6562c9f000 r--p 00000000 08:01 1316814                    /usr/lib/x86_64-linux-gnu/libgcc_s.so.1
7f6562c9f000-7f6562cb1000 r-xp 00003000 08:01 1316814                    /usr/lib/x86_64-linux-gnu/libgcc_s.so.1
7f6562cb1000-7f6562cb4000 r--p 00015000 08:01 1316814                    /usr/lib/x86_64-linux-gnu/libgcc_s.so.1
7f6562cb4000-7f6562cb5000 r--p 00017000 08:01 1316814                    /usr/lib/x86_64-linux-gnu/libgcc_s.so.1
7f6562cb5000-7f6562cb6000 rw-p 00018000 08:01 1316814                    /usr/lib/x86_64-linux-gnu/libgcc_s.so.1
7f6562cb6000-7f6562cc5000 r--p 00000000 08:01 1317249                    /usr/lib/x86_64-linux-gnu/libm.so.6
7f6562cc5000-7f6562d3f000 r-xp 0000f000 08:01 1317249                    /usr/lib/x86_64-linux-gnu/libm.so.6
7f6562d3f000-7f6562d97000 r--p 00089000 08:01 1317249                    /usr/lib/x86_64-linux-gnu/libm.so.6
7f6562d97000-7f6562d98000 ---p 000e1000 08:01 1317249                    /usr/lib/x86_64-linux-gnu/libm.so.6
7f6562d98000-7f6562d99000 r--p 000e1000 08:01 1317249                    /usr/lib/x86_64-linux-gnu/libm.so.6
7f6562d99000-7f6562d9a000 rw-p 000e2000 08:01 1317249                    /usr/lib/x86_64-linux-gnu/libm.so.6
7f6562d9a000-7f6562e33000 r--p 00000000 08:01 1317740                    /usr/lib/x86_64-linux-gnu/libstdc++.so.6.0.29
7f6562e33000-7f6562f36000 r-xp 00099000 08:01 1317740                    /usr/lib/x86_64-linux-gnu/libstdc++.so.6.0.29
7f6562f36000-7f6562fa2000 r--p 0019c000 08:01 1317740                    /usr/lib/x86_64-linux-gnu/libstdc++.so.6.0.29
7f6562fa2000-7f6562fad000 r--p 00207000 08:01 1317740                    /usr/lib/x86_64-linux-gnu/libstdc++.so.6.0.29
7f6562fad000-7f6562fb0000 rw-p 00212000 08:01 1317740                    /usr/lib/x86_64-linux-gnu/libstdc++.so.6.0.29
7f6562fb0000-7f6562fb3000 rw-p 00000000 00:00 0 
7f6562fb3000-7f6563234000 r--p 00000000 08:01 789528                     /usr/lib/jvm/java-11-openjdk-amd64/lib/server/libjvm.so
7f6563234000-7f6563eb0000 r-xp 00281000 08:01 789528                     /usr/lib/jvm/java-11-openjdk-amd64/lib/server/libjvm.so
7f6563eb0000-7f656410d000 r--p 00efd000 08:01 789528                     /usr/lib/jvm/java-11-openjdk-amd64/lib/server/libjvm.so
7f656410d000-7f65641d1000 r--p 01159000 08:01 789528                     /usr/lib/jvm/java-11-openjdk-amd64/lib/server/libjvm.so
7f65641d1000-7f656420c000 rw-p 0121d000 08:01 789528                     /usr/lib/jvm/java-11-openjdk-amd64/lib/server/libjvm.so
7f656420c000-7f6564266000 rw-p 00000000 00:00 0 
7f6564266000-7f6564268000 r--p 00000000 08:01 1318038                    /usr/lib/x86_64-linux-gnu/libz.so.1.2.11
7f6564268000-7f6564279000 r-xp 00002000 08:01 1318038                    /usr/lib/x86_64-linux-gnu/libz.so.1.2.11
7f6564279000-7f656427f000 r--p 00013000 08:01 1318038                    /usr/lib/x86_64-linux-gnu/libz.so.1.2.11
7f656427f000-7f6564280000 ---p 00019000 08:01 1318038                    /usr/lib/x86_64-linux-gnu/libz.so.1.2.11
7f6564280000-7f6564281000 r--p 00019000 08:01 1318038                    /usr/lib/x86_64-linux-gnu/libz.so.1.2.11
7f6564281000-7f6564282000 rw-p 0001a000 08:01 1318038                    /usr/lib/x86_64-linux-gnu/libz.so.1.2.11
7f6564282000-7f65642ae000 r--p 00000000 08:01 1316498                    /usr/lib/x86_64-linux-gnu/libc.so.6
7f65642ae000-7f6564442000 r-xp 0002c000 08:01 1316498                    /usr/lib/x86_64-linux-gnu/libc.so.6
7f6564442000-7f6564496000 r--p 001c0000 08:01 1316498                    /usr/lib/x86_64-linux-gnu/libc.so.6
7f6564496000-7f6564497000 ---p 00214000 08:01 1316498                    /usr/lib/x86_64-linux-gnu/libc.so.6
7f6564497000-7f656449a000 r--p 00214000 08:01 1316498                    /usr/lib/x86_64-linux-gnu/libc.so.6
7f656449a000-7f656449d000 rw-p 00217000 08:01 1316498                    /usr/lib/x86_64-linux-gnu/libc.so.6
7f656449d000-7f65644aa000 rw-p 00000000 00:00 0 
7f65644ac000-7f65644ae000 r--s 0000c000 08:01 1981124                    /usr/share/java/java-atk-wrapper.jar
7f65644ae000-7f65644af000 ---p 00000000 00:00 0 
7f65644af000-7f65644b0000 r--p 00000000 00:00 0 
7f65644b0000-7f65644b2000 r--p 00000000 08:01 789502                     /usr/lib/jvm/java-11-openjdk-amd64/lib/libjimage.so
7f65644b2000-7f65644b5000 r-xp 00002000 08:01 789502                     /usr/lib/jvm/java-11-openjdk-amd64/lib/libjimage.so
7f65644b5000-7f65644b6000 r--p 00005000 08:01 789502                     /usr/lib/jvm/java-11-openjdk-amd64/lib/libjimage.so
7f65644b6000-7f65644b7000 ---p 00006000 08:01 789502                     /usr/lib/jvm/java-11-openjdk-amd64/lib/libjimage.so
7f65644b7000-7f65644b8000 r--p 00006000 08:01 789502                     /usr/lib/jvm/java-11-openjdk-amd64/lib/libjimage.so
7f65644b8000-7f65644b9000 rw-p 00007000 08:01 789502                     /usr/lib/jvm/java-11-openjdk-amd64/lib/libjimage.so
7f65644b9000-7f65644bc000 r--p 00000000 08:01 789484                     /usr/lib/jvm/java-11-openjdk-amd64/lib/jli/libjli.so
7f65644bc000-7f65644c6000 r-xp 00003000 08:01 789484                     /usr/lib/jvm/java-11-openjdk-amd64/lib/jli/libjli.so
7f65644c6000-7f65644c9000 r--p 0000d000 08:01 789484                     /usr/lib/jvm/java-11-openjdk-amd64/lib/jli/libjli.so
7f65644c9000-7f65644ca000 ---p 00010000 08:01 789484                     /usr/lib/jvm/java-11-openjdk-amd64/lib/jli/libjli.so
7f65644ca000-7f65644cb000 r--p 00010000 08:01 789484                     /usr/lib/jvm/java-11-openjdk-amd64/lib/jli/libjli.so
7f65644cb000-7f65644cc000 rw-p 00011000 08:01 789484                     /usr/lib/jvm/java-11-openjdk-amd64/lib/jli/libjli.so
7f65644cc000-7f65644ce000 rw-p 00000000 00:00 0 
7f65644ce000-7f65644cf000 r--p 00000000 08:01 1316107                    /usr/lib/x86_64-linux-gnu/ld-linux-x86-64.so.2
7f65644cf000-7f65644f7000 r-xp 00001000 08:01 1316107                    /usr/lib/x86_64-linux-gnu/ld-linux-x86-64.so.2
7f65644f7000-7f6564501000 r--p 00029000 08:01 1316107                    /usr/lib/x86_64-linux-gnu/ld-linux-x86-64.so.2
7f6564501000-7f6564503000 r--p 00032000 08:01 1316107                    /usr/lib/x86_64-linux-gnu/ld-linux-x86-64.so.2
7f6564503000-7f6564505000 rw-p 00034000 08:01 1316107                    /usr/lib/x86_64-linux-gnu/ld-linux-x86-64.so.2
7ffe7b578000-7ffe7b59a000 rw-p 00000000 00:00 0                          [stack]
7ffe7b5a7000-7ffe7b5ab000 r--p 00000000 00:00 0                          [vvar]
7ffe7b5ab000-7ffe7b5ad000 r-xp 00000000 00:00 0                          [vdso]
ffffffffff600000-ffffffffff601000 --xp 00000000 00:00 0                  [vsyscall]


VM Arguments:
java_command: /home/rodpk/eclipse-workspace/workspace-udemy/rest-with-spring-boot-udemy/target/surefire/surefirebooter3839592182425105902.jar /home/rodpk/eclipse-workspace/workspace-udemy/rest-with-spring-boot-udemy/target/surefire 2022-01-13T19-51-22_687-jvmRun1 surefire16234956005990444673tmp surefire_015517869850761436670tmp
java_class_path (initial): /home/rodpk/eclipse-workspace/workspace-udemy/rest-with-spring-boot-udemy/target/surefire/surefirebooter3839592182425105902.jar
Launcher Type: SUN_STANDARD

[Global flags]
     intx CICompilerCount                          = 3                                         {product} {ergonomic}
     uint ConcGCThreads                            = 2                                         {product} {ergonomic}
     uint G1ConcRefinementThreads                  = 6                                         {product} {ergonomic}
   size_t G1HeapRegionSize                         = 1048576                                   {product} {ergonomic}
    uintx GCDrainStackTargetSize                   = 64                                        {product} {ergonomic}
   size_t InitialHeapSize                          = 132120576                                 {product} {ergonomic}
   size_t MarkStackSize                            = 4194304                                   {product} {ergonomic}
   size_t MaxHeapSize                              = 2084569088                                {product} {ergonomic}
   size_t MaxNewSize                               = 1249902592                                {product} {ergonomic}
   size_t MinHeapDeltaBytes                        = 1048576                                   {product} {ergonomic}
    uintx NonNMethodCodeHeapSize                   = 5830732                                {pd product} {ergonomic}
    uintx NonProfiledCodeHeapSize                  = 122913754                              {pd product} {ergonomic}
    uintx ProfiledCodeHeapSize                     = 122913754                              {pd product} {ergonomic}
    uintx ReservedCodeCacheSize                    = 251658240                              {pd product} {ergonomic}
     bool SegmentedCodeCache                       = true                                      {product} {ergonomic}
     bool UseCompressedClassPointers               = true                                 {lp64_product} {ergonomic}
     bool UseCompressedOops                        = true                                 {lp64_product} {ergonomic}
     bool UseG1GC                                  = true                                      {product} {ergonomic}

Logging:
Log output configuration:
 #0: stdout all=warning uptime,level,tags
 #1: stderr all=off uptime,level,tags

Environment Variables:
PATH=/usr/local/sbin:/usr/local/bin:/usr/sbin:/usr/bin:/sbin:/bin:/usr/games:/usr/local/games:/snap/bin
USERNAME=rodpk
SHELL=/bin/bash
DISPLAY=:1
LANG=en_US.UTF-8

Signal Handlers:
SIGSEGV: [libjvm.so+0xe8b130], sa_mask[0]=11111111011111111101111111111110, sa_flags=SA_RESTART|SA_SIGINFO
SIGBUS: [libjvm.so+0xe8b130], sa_mask[0]=11111111011111111101111111111110, sa_flags=SA_RESTART|SA_SIGINFO
SIGFPE: [libjvm.so+0xe8b130], sa_mask[0]=11111111011111111101111111111110, sa_flags=SA_RESTART|SA_SIGINFO
SIGPIPE: [libjvm.so+0xbd41e0], sa_mask[0]=11111111011111111101111111111110, sa_flags=SA_RESTART|SA_SIGINFO
SIGXFSZ: [libjvm.so+0xbd41e0], sa_mask[0]=11111111011111111101111111111110, sa_flags=SA_RESTART|SA_SIGINFO
SIGILL: [libjvm.so+0xe8b130], sa_mask[0]=11111111011111111101111111111110, sa_flags=SA_RESTART|SA_SIGINFO
SIGUSR2: [libjvm.so+0xbd4080], sa_mask[0]=00000000000000000000000000000000, sa_flags=SA_RESTART|SA_SIGINFO
SIGHUP: [libjvm.so+0xbd4610], sa_mask[0]=11111111011111111101111111111110, sa_flags=SA_RESTART|SA_SIGINFO
SIGINT: [libjvm.so+0xbd4610], sa_mask[0]=11111111011111111101111111111110, sa_flags=SA_RESTART|SA_SIGINFO
SIGTERM: [libjvm.so+0xbd4610], sa_mask[0]=11111111011111111101111111111110, sa_flags=SA_RESTART|SA_SIGINFO
SIGQUIT: [libjvm.so+0xbd4610], sa_mask[0]=11111111011111111101111111111110, sa_flags=SA_RESTART|SA_SIGINFO


---------------  S Y S T E M  ---------------

OS:DISTRIB_ID=Pop
DISTRIB_RELEASE=21.10
DISTRIB_CODENAME=impish
DISTRIB_DESCRIPTION="Pop!_OS 21.10"
uname:Linux 5.15.11-76051511-generic #202112220937~1640185481~21.10~b3a2c21 SMP Wed Dec 22 15:41:49 U x86_64
OS uptime: 0 days 8:00 hours
libc:glibc 2.34 NPTL 2.34 
rlimit (soft/hard): STACK 8192k/infinity , CORE 0k/infinity , NPROC 31496/31496 , NOFILE 1048576/1048576 , AS infinity/infinity , CPU infinity/infinity , DATA infinity/infinity , FSIZE infinity/infinity , MEMLOCK 1017712k/1017712k
load average:2.26 1.38 0.78

/proc/meminfo:
MemTotal:        8141696 kB
MemFree:          285944 kB
MemAvailable:    2625476 kB
Buffers:          210224 kB
Cached:          2455820 kB
SwapCached:          132 kB
Active:          1611980 kB
Inactive:        5897828 kB
Active(anon):      13440 kB
Inactive(anon):  5004220 kB
Active(file):    1598540 kB
Inactive(file):   893608 kB
Unevictable:          40 kB
Mlocked:              40 kB
SwapTotal:       4193784 kB
SwapFree:        4192748 kB
Dirty:               512 kB
Writeback:             0 kB
AnonPages:       4843784 kB
Mapped:          1158960 kB
Shmem:            220376 kB
KReclaimable:     132476 kB
Slab:             218808 kB
SReclaimable:     132476 kB
SUnreclaim:        86332 kB
KernelStack:       20860 kB
PageTables:        47928 kB
NFS_Unstable:          0 kB
Bounce:                0 kB
WritebackTmp:          0 kB
CommitLimit:     8264632 kB
Committed_AS:   13169064 kB
VmallocTotal:   34359738367 kB
VmallocUsed:       36268 kB
VmallocChunk:          0 kB
Percpu:             7584 kB
HardwareCorrupted:     0 kB
AnonHugePages:         0 kB
ShmemHugePages:        0 kB
ShmemPmdMapped:        0 kB
FileHugePages:         0 kB
FilePmdMapped:         0 kB
HugePages_Total:       0
HugePages_Free:        0
HugePages_Rsvd:        0
HugePages_Surp:        0
Hugepagesize:       2048 kB
Hugetlb:               0 kB
DirectMap4k:      280512 kB
DirectMap2M:     8108032 kB

/sys/kernel/mm/transparent_hugepage/enabled:
always [madvise] never
/sys/kernel/mm/transparent_hugepage/defrag (defrag/compaction efforts parameter):
always defer defer+madvise [madvise] never

Process Memory:
Virtual Size: 4707344K (peak: 4772696K)
Resident Set Size: 30948K (peak: 30948K) (anon: 12252K, file: 18696K, shmem: 0K)
Swapped out: 0K
C-Heap outstanding allocations: 3848K

/proc/sys/kernel/threads-max (system-wide limit on the number of threads):
62993
/proc/sys/vm/max_map_count (maximum number of memory map areas a process may have):
65530
/proc/sys/kernel/pid_max (system-wide limit on number of process identifiers):
4194304

Steal ticks since vm start: 0
Steal ticks percentage since vm start:  0.000

CPU:total 6 (initial active 6) (6 cores per cpu, 6 threads per core) family 23 model 8 stepping 2 microcode 0x6000626, cmov, cx8, fxsr, mmx, sse, sse2, sse3, ssse3, sse4.1, sse4.2, popcnt, avx, avx2, aes, clmul, mmxext, lzcnt, sse4a, ht, tsc, tscinvbit, tscinv
CPU Model and flags from /proc/cpuinfo:
model name	: AMD Ryzen 5 1600 Six-Core Processor
flags		: fpu vme de pse tsc msr pae mce cx8 apic sep mtrr pge mca cmov pat pse36 clflush mmx fxsr sse sse2 ht syscall nx mmxext fxsr_opt rdtscp lm constant_tsc rep_good nopl nonstop_tsc cpuid extd_apicid pni pclmulqdq ssse3 cx16 sse4_1 sse4_2 movbe popcnt aes xsave avx rdrand hypervisor lahf_lm cmp_legacy cr8_legacy abm sse4a misalignsse 3dnowprefetch ssbd vmmcall fsgsbase avx2 rdseed clflushopt arat
Online cpus:
0-5
Offline cpus:

BIOS frequency limitation:
<Not Available>
Frequency switch latency (ns):
<Not Available>
Available cpu frequencies:
<Not Available>
Current governor:
<Not Available>
Core performance/turbo boost:
<Not Available>

Memory: 4k page, physical 8141696k(285944k free), swap 4193784k(4192748k free)

vm_info: OpenJDK 64-Bit Server VM (11.0.13+8-Ubuntu-0ubuntu1.21.10) for linux-amd64 JRE (11.0.13+8-Ubuntu-0ubuntu1.21.10), built on Oct 29 2021 09:11:30 by "unknown" with gcc 10.3.0

END.
